{"uid":"3dd2c81b385ab146","name":"test_checkout_complete_flow","fullName":"tests.test_checkout.TestCheckoutFlow#test_checkout_complete_flow","historyId":"b05668f02e6fa04b87f1cf7641542df6","time":{"start":1768849577749,"stop":1768849583215,"duration":5466},"status":"failed","statusMessage":"AssertionError: Locator expected to have text 'Your Cart'\nActual value: <element(s) not found> \nCall log:\nLocatorAssertions.to_have_text with timeout 5000ms\n  - waiting for locator(\".titTTle\")","statusTrace":"self = <tests.test_checkout.TestCheckoutFlow object at 0x7fb29fd8dbd0>\nplaywright_page = <Page url='https://www.saucedemo.com/cart.html'>\n\n    def test_checkout_complete_flow(self, playwright_page):\n        login = LoginPage(playwright_page)\n        inventory = InventoryPage(playwright_page)\n        cart = CartPage(playwright_page)\n        checkout = CheckoutPage(playwright_page)\n        complete = CheckoutCompletePage(playwright_page)\n    \n        login.open()\n        login.perform_login(settings.test_username, settings.test_password)\n    \n        inventory.add_item_to_cart(InventoryPage.ADD_TO_CART_BTN_FIRST_ITEM)\n    \n        inventory.open_cart()\n>       cart.is_opened_cart_page()\n\ntests/test_checkout.py:25: \n_ _ _ _ _ _ _ _ _ _ _ _ _ _ _ _ _ _ _ _ _ _ _ _ _ _ _ _ _ _ _ _ _ _ _ _ _ _ _ _ \npages/cart_page.py:9: in is_opened_cart_page\n    self.should_have_text(self.TITLE, \"Your Cart\")\n_ _ _ _ _ _ _ _ _ _ _ _ _ _ _ _ _ _ _ _ _ _ _ _ _ _ _ _ _ _ _ _ _ _ _ _ _ _ _ _ \n\nself = <pages.cart_page.CartPage object at 0x7fb29e8a6650>\nselector = '.titTTle', text = 'Your Cart'\n\n    def should_have_text(self, selector: str, text: str):\n>       expect(self.locator(selector)).to_have_text(text)\nE       AssertionError: Locator expected to have text 'Your Cart'\nE       Actual value: <element(s) not found> \nE       Call log:\nE       LocatorAssertions.to_have_text with timeout 5000ms\nE         - waiting for locator(\".titTTle\")\n\npages/base_page.py:21: AssertionError","flaky":false,"newFailed":false,"newBroken":false,"newPassed":false,"retriesCount":0,"retriesStatusChange":false,"beforeStages":[{"name":"playwright_page","time":{"start":1768849577412,"stop":1768849577749,"duration":337},"status":"passed","steps":[],"attachments":[],"parameters":[],"stepsCount":0,"shouldDisplayMessage":false,"attachmentsCount":0,"hasContent":false,"attachmentStep":false}],"testStage":{"status":"failed","statusMessage":"AssertionError: Locator expected to have text 'Your Cart'\nActual value: <element(s) not found> \nCall log:\nLocatorAssertions.to_have_text with timeout 5000ms\n  - waiting for locator(\".titTTle\")","statusTrace":"self = <tests.test_checkout.TestCheckoutFlow object at 0x7fb29fd8dbd0>\nplaywright_page = <Page url='https://www.saucedemo.com/cart.html'>\n\n    def test_checkout_complete_flow(self, playwright_page):\n        login = LoginPage(playwright_page)\n        inventory = InventoryPage(playwright_page)\n        cart = CartPage(playwright_page)\n        checkout = CheckoutPage(playwright_page)\n        complete = CheckoutCompletePage(playwright_page)\n    \n        login.open()\n        login.perform_login(settings.test_username, settings.test_password)\n    \n        inventory.add_item_to_cart(InventoryPage.ADD_TO_CART_BTN_FIRST_ITEM)\n    \n        inventory.open_cart()\n>       cart.is_opened_cart_page()\n\ntests/test_checkout.py:25: \n_ _ _ _ _ _ _ _ _ _ _ _ _ _ _ _ _ _ _ _ _ _ _ _ _ _ _ _ _ _ _ _ _ _ _ _ _ _ _ _ \npages/cart_page.py:9: in is_opened_cart_page\n    self.should_have_text(self.TITLE, \"Your Cart\")\n_ _ _ _ _ _ _ _ _ _ _ _ _ _ _ _ _ _ _ _ _ _ _ _ _ _ _ _ _ _ _ _ _ _ _ _ _ _ _ _ \n\nself = <pages.cart_page.CartPage object at 0x7fb29e8a6650>\nselector = '.titTTle', text = 'Your Cart'\n\n    def should_have_text(self, selector: str, text: str):\n>       expect(self.locator(selector)).to_have_text(text)\nE       AssertionError: Locator expected to have text 'Your Cart'\nE       Actual value: <element(s) not found> \nE       Call log:\nE       LocatorAssertions.to_have_text with timeout 5000ms\nE         - waiting for locator(\".titTTle\")\n\npages/base_page.py:21: AssertionError","steps":[],"attachments":[{"uid":"10e44deaf361911f","name":"Failure Screenshot - test_checkout_complete_flow (2026-01-19_19-06-23)","source":"10e44deaf361911f.png","type":"image/png","size":37743}],"parameters":[],"stepsCount":0,"shouldDisplayMessage":true,"attachmentsCount":1,"hasContent":true,"attachmentStep":false},"afterStages":[{"name":"playwright_page::0","time":{"start":1768849583288,"stop":1768849583335,"duration":47},"status":"passed","steps":[],"attachments":[],"parameters":[],"stepsCount":0,"shouldDisplayMessage":false,"attachmentsCount":0,"hasContent":false,"attachmentStep":false}],"labels":[{"name":"parentSuite","value":"tests"},{"name":"suite","value":"test_checkout"},{"name":"subSuite","value":"TestCheckoutFlow"},{"name":"host","value":"runnervmmtnos"},{"name":"thread","value":"5223-MainThread"},{"name":"framework","value":"pytest"},{"name":"language","value":"cpython3"},{"name":"package","value":"tests.test_checkout"},{"name":"resultFormat","value":"allure2"}],"parameters":[],"links":[],"hidden":false,"retry":false,"extra":{"severity":"normal","retries":[],"categories":[{"name":"Product defects","matchedStatuses":[],"flaky":false}],"history":{"statistic":{"failed":2,"broken":0,"skipped":0,"passed":4,"unknown":0,"total":6},"items":[{"uid":"cfef207cc3bb5a09","reportUrl":"https://Dmitriy-Klv.github.io/ui_automation_python/26/#testresult/cfef207cc3bb5a09","status":"failed","statusDetails":"AssertionError: Locator expected to have text 'Your Cart'\nActual value: <element(s) not found> \nCall log:\nLocatorAssertions.to_have_text with timeout 5000ms\n  - waiting for locator(\".titTTle\")","time":{"start":1768849311877,"stop":1768849317355,"duration":5478}},{"uid":"21e99e592bc3e202","reportUrl":"https://Dmitriy-Klv.github.io/ui_automation_python/25/#testresult/21e99e592bc3e202","status":"passed","time":{"start":1768741718994,"stop":1768741719644,"duration":650}},{"uid":"fd83927f41561f91","reportUrl":"https://Dmitriy-Klv.github.io/ui_automation_python/24/#testresult/fd83927f41561f91","status":"passed","time":{"start":1768741610235,"stop":1768741610871,"duration":636}},{"uid":"d0f1f2e272c3e1ee","reportUrl":"https://Dmitriy-Klv.github.io/ui_automation_python/23/#testresult/d0f1f2e272c3e1ee","status":"passed","time":{"start":1768636421731,"stop":1768636422489,"duration":758}},{"uid":"57e3f968da5a516d","reportUrl":"https://Dmitriy-Klv.github.io/ui_automation_python/22/#testresult/57e3f968da5a516d","status":"passed","time":{"start":1768636258359,"stop":1768636259068,"duration":709}}]},"tags":[]},"source":"3dd2c81b385ab146.json","parameterValues":[]}