{"uid":"450f9322f5dd45c1","name":"test_checkout_without_first_name","fullName":"tests.test_checkout.TestCheckoutFlow#test_checkout_without_first_name","historyId":"52ad6cdda8efc05582e9f048db31de93","time":{"start":1768851903720,"stop":1768851909215,"duration":5495},"status":"failed","statusMessage":"AssertionError: Locator expected to have text 'Your Cart'\nActual value: <element(s) not found> \nCall log:\nLocatorAssertions.to_have_text with timeout 5000ms\n  - waiting for locator(\".titTTle\")","statusTrace":"self = <tests.test_checkout.TestCheckoutFlow object at 0x7fe551ca0610>\nplaywright_page = <Page url='https://www.saucedemo.com/cart.html'>\n\n    def test_checkout_without_first_name(self, playwright_page):\n        login = LoginPage(playwright_page)\n        inventory = InventoryPage(playwright_page)\n        cart = CartPage(playwright_page)\n        checkout = CheckoutPage(playwright_page)\n    \n        login.open()\n        login.perform_login(settings.test_username, settings.test_password)\n    \n        inventory.add_item_to_cart(InventoryPage.ADD_TO_CART_BTN_FIRST_ITEM)\n        inventory.open_cart()\n>       cart.is_opened_cart_page()\n\ntests/test_checkout.py:46: \n_ _ _ _ _ _ _ _ _ _ _ _ _ _ _ _ _ _ _ _ _ _ _ _ _ _ _ _ _ _ _ _ _ _ _ _ _ _ _ _ \npages/cart_page.py:9: in is_opened_cart_page\n    self.should_have_text(self.TITLE, \"Your Cart\")\n_ _ _ _ _ _ _ _ _ _ _ _ _ _ _ _ _ _ _ _ _ _ _ _ _ _ _ _ _ _ _ _ _ _ _ _ _ _ _ _ \n\nself = <pages.cart_page.CartPage object at 0x7fe55060d010>\nselector = '.titTTle', text = 'Your Cart'\n\n    def should_have_text(self, selector: str, text: str):\n>       expect(self.locator(selector)).to_have_text(text)\nE       AssertionError: Locator expected to have text 'Your Cart'\nE       Actual value: <element(s) not found> \nE       Call log:\nE       LocatorAssertions.to_have_text with timeout 5000ms\nE         - waiting for locator(\".titTTle\")\n\npages/base_page.py:21: AssertionError","flaky":false,"newFailed":false,"newBroken":false,"newPassed":false,"retriesCount":0,"retriesStatusChange":false,"beforeStages":[{"name":"playwright_page","time":{"start":1768851903371,"stop":1768851903720,"duration":349},"status":"passed","steps":[],"attachments":[],"parameters":[],"stepsCount":0,"shouldDisplayMessage":false,"attachmentsCount":0,"hasContent":false,"attachmentStep":false}],"testStage":{"status":"failed","statusMessage":"AssertionError: Locator expected to have text 'Your Cart'\nActual value: <element(s) not found> \nCall log:\nLocatorAssertions.to_have_text with timeout 5000ms\n  - waiting for locator(\".titTTle\")","statusTrace":"self = <tests.test_checkout.TestCheckoutFlow object at 0x7fe551ca0610>\nplaywright_page = <Page url='https://www.saucedemo.com/cart.html'>\n\n    def test_checkout_without_first_name(self, playwright_page):\n        login = LoginPage(playwright_page)\n        inventory = InventoryPage(playwright_page)\n        cart = CartPage(playwright_page)\n        checkout = CheckoutPage(playwright_page)\n    \n        login.open()\n        login.perform_login(settings.test_username, settings.test_password)\n    \n        inventory.add_item_to_cart(InventoryPage.ADD_TO_CART_BTN_FIRST_ITEM)\n        inventory.open_cart()\n>       cart.is_opened_cart_page()\n\ntests/test_checkout.py:46: \n_ _ _ _ _ _ _ _ _ _ _ _ _ _ _ _ _ _ _ _ _ _ _ _ _ _ _ _ _ _ _ _ _ _ _ _ _ _ _ _ \npages/cart_page.py:9: in is_opened_cart_page\n    self.should_have_text(self.TITLE, \"Your Cart\")\n_ _ _ _ _ _ _ _ _ _ _ _ _ _ _ _ _ _ _ _ _ _ _ _ _ _ _ _ _ _ _ _ _ _ _ _ _ _ _ _ \n\nself = <pages.cart_page.CartPage object at 0x7fe55060d010>\nselector = '.titTTle', text = 'Your Cart'\n\n    def should_have_text(self, selector: str, text: str):\n>       expect(self.locator(selector)).to_have_text(text)\nE       AssertionError: Locator expected to have text 'Your Cart'\nE       Actual value: <element(s) not found> \nE       Call log:\nE       LocatorAssertions.to_have_text with timeout 5000ms\nE         - waiting for locator(\".titTTle\")\n\npages/base_page.py:21: AssertionError","steps":[],"attachments":[{"uid":"1fa84662227a467f","name":"Failure Screenshot - test_checkout_without_first_name (2026-01-19_19-45-09)","source":"1fa84662227a467f.png","type":"image/png","size":37743}],"parameters":[],"stepsCount":0,"shouldDisplayMessage":true,"attachmentsCount":1,"hasContent":true,"attachmentStep":false},"afterStages":[{"name":"playwright_page::0","time":{"start":1768851909286,"stop":1768851909337,"duration":51},"status":"passed","steps":[],"attachments":[],"parameters":[],"stepsCount":0,"shouldDisplayMessage":false,"attachmentsCount":0,"hasContent":false,"attachmentStep":false}],"labels":[{"name":"parentSuite","value":"tests"},{"name":"suite","value":"test_checkout"},{"name":"subSuite","value":"TestCheckoutFlow"},{"name":"host","value":"runnervmmtnos"},{"name":"thread","value":"5202-MainThread"},{"name":"framework","value":"pytest"},{"name":"language","value":"cpython3"},{"name":"package","value":"tests.test_checkout"},{"name":"resultFormat","value":"allure2"}],"parameters":[],"links":[],"hidden":false,"retry":false,"extra":{"severity":"normal","retries":[],"categories":[{"name":"Product defects","matchedStatuses":[],"flaky":false}],"history":{"statistic":{"failed":6,"broken":0,"skipped":0,"passed":4,"unknown":0,"total":10},"items":[{"uid":"942d018f7712e823","reportUrl":"https://Dmitriy-Klv.github.io/ui_automation_python/30/#testresult/942d018f7712e823","status":"failed","statusDetails":"AssertionError: Locator expected to have text 'Your Cart'\nActual value: <element(s) not found> \nCall log:\nLocatorAssertions.to_have_text with timeout 5000ms\n  - waiting for locator(\".titTTle\")","time":{"start":1768851580023,"stop":1768851585598,"duration":5575}},{"uid":"ecd75cbe9d2f81b3","reportUrl":"https://Dmitriy-Klv.github.io/ui_automation_python/29/#testresult/ecd75cbe9d2f81b3","status":"failed","statusDetails":"AssertionError: Locator expected to have text 'Your Cart'\nActual value: <element(s) not found> \nCall log:\nLocatorAssertions.to_have_text with timeout 5000ms\n  - waiting for locator(\".titTTle\")","time":{"start":1768851175067,"stop":1768851180560,"duration":5493}},{"uid":"954e6b304d7f2017","reportUrl":"https://Dmitriy-Klv.github.io/ui_automation_python/28/#testresult/954e6b304d7f2017","status":"failed","statusDetails":"AssertionError: Locator expected to have text 'Your Cart'\nActual value: <element(s) not found> \nCall log:\nLocatorAssertions.to_have_text with timeout 5000ms\n  - waiting for locator(\".titTTle\")","time":{"start":1768850890413,"stop":1768850895903,"duration":5490}},{"uid":"e3db7a1f658aa319","reportUrl":"https://Dmitriy-Klv.github.io/ui_automation_python/27/#testresult/e3db7a1f658aa319","status":"failed","statusDetails":"AssertionError: Locator expected to have text 'Your Cart'\nActual value: <element(s) not found> \nCall log:\nLocatorAssertions.to_have_text with timeout 5000ms\n  - waiting for locator(\".titTTle\")","time":{"start":1768849583691,"stop":1768849589183,"duration":5492}},{"uid":"ead63ce124806bc7","reportUrl":"https://Dmitriy-Klv.github.io/ui_automation_python/26/#testresult/ead63ce124806bc7","status":"failed","statusDetails":"AssertionError: Locator expected to have text 'Your Cart'\nActual value: <element(s) not found> \nCall log:\nLocatorAssertions.to_have_text with timeout 5000ms\n  - waiting for locator(\".titTTle\")","time":{"start":1768849317800,"stop":1768849323272,"duration":5472}},{"uid":"9ea31daa43b1bc2a","reportUrl":"https://Dmitriy-Klv.github.io/ui_automation_python/25/#testresult/9ea31daa43b1bc2a","status":"passed","time":{"start":1768741720037,"stop":1768741720653,"duration":616}},{"uid":"88b360d31559db88","reportUrl":"https://Dmitriy-Klv.github.io/ui_automation_python/24/#testresult/88b360d31559db88","status":"passed","time":{"start":1768741611265,"stop":1768741611871,"duration":606}},{"uid":"e729e5a63d0c3a94","reportUrl":"https://Dmitriy-Klv.github.io/ui_automation_python/23/#testresult/e729e5a63d0c3a94","status":"passed","time":{"start":1768636422889,"stop":1768636423644,"duration":755}},{"uid":"3918dd5851fa30d9","reportUrl":"https://Dmitriy-Klv.github.io/ui_automation_python/22/#testresult/3918dd5851fa30d9","status":"passed","time":{"start":1768636259415,"stop":1768636260106,"duration":691}}]},"tags":[]},"source":"450f9322f5dd45c1.json","parameterValues":[]}