{"uid":"6d090130c0d0ff69","name":"test_check_total_sum","fullName":"tests.test_checkout.TestCheckoutFlow#test_check_total_sum","historyId":"a5245015f8566f47611d2c4774e859d3","time":{"start":1768851909690,"stop":1768851915181,"duration":5491},"status":"failed","statusMessage":"AssertionError: Locator expected to have text 'Your Cart'\nActual value: <element(s) not found> \nCall log:\nLocatorAssertions.to_have_text with timeout 5000ms\n  - waiting for locator(\".titTTle\")","statusTrace":"self = <tests.test_checkout.TestCheckoutFlow object at 0x7fe551ca0ad0>\nplaywright_page = <Page url='https://www.saucedemo.com/cart.html'>\n\n    def test_check_total_sum(self, playwright_page):\n        login = LoginPage(playwright_page)\n        inventory = InventoryPage(playwright_page)\n        cart = CartPage(playwright_page)\n        checkout = CheckoutPage(playwright_page)\n    \n        login.open()\n        login.perform_login(settings.test_username, settings.test_password)\n    \n        inventory.add_item_to_cart(InventoryPage.ADD_TO_CART_BTN_FIRST_ITEM)\n        inventory.open_cart()\n>       cart.is_opened_cart_page()\n\ntests/test_checkout.py:66: \n_ _ _ _ _ _ _ _ _ _ _ _ _ _ _ _ _ _ _ _ _ _ _ _ _ _ _ _ _ _ _ _ _ _ _ _ _ _ _ _ \npages/cart_page.py:9: in is_opened_cart_page\n    self.should_have_text(self.TITLE, \"Your Cart\")\n_ _ _ _ _ _ _ _ _ _ _ _ _ _ _ _ _ _ _ _ _ _ _ _ _ _ _ _ _ _ _ _ _ _ _ _ _ _ _ _ \n\nself = <pages.cart_page.CartPage object at 0x7fe55066a350>\nselector = '.titTTle', text = 'Your Cart'\n\n    def should_have_text(self, selector: str, text: str):\n>       expect(self.locator(selector)).to_have_text(text)\nE       AssertionError: Locator expected to have text 'Your Cart'\nE       Actual value: <element(s) not found> \nE       Call log:\nE       LocatorAssertions.to_have_text with timeout 5000ms\nE         - waiting for locator(\".titTTle\")\n\npages/base_page.py:21: AssertionError","flaky":false,"newFailed":false,"newBroken":false,"newPassed":false,"retriesCount":0,"retriesStatusChange":false,"beforeStages":[{"name":"playwright_page","time":{"start":1768851909338,"stop":1768851909690,"duration":352},"status":"passed","steps":[],"attachments":[],"parameters":[],"stepsCount":0,"shouldDisplayMessage":false,"attachmentsCount":0,"hasContent":false,"attachmentStep":false}],"testStage":{"status":"failed","statusMessage":"AssertionError: Locator expected to have text 'Your Cart'\nActual value: <element(s) not found> \nCall log:\nLocatorAssertions.to_have_text with timeout 5000ms\n  - waiting for locator(\".titTTle\")","statusTrace":"self = <tests.test_checkout.TestCheckoutFlow object at 0x7fe551ca0ad0>\nplaywright_page = <Page url='https://www.saucedemo.com/cart.html'>\n\n    def test_check_total_sum(self, playwright_page):\n        login = LoginPage(playwright_page)\n        inventory = InventoryPage(playwright_page)\n        cart = CartPage(playwright_page)\n        checkout = CheckoutPage(playwright_page)\n    \n        login.open()\n        login.perform_login(settings.test_username, settings.test_password)\n    \n        inventory.add_item_to_cart(InventoryPage.ADD_TO_CART_BTN_FIRST_ITEM)\n        inventory.open_cart()\n>       cart.is_opened_cart_page()\n\ntests/test_checkout.py:66: \n_ _ _ _ _ _ _ _ _ _ _ _ _ _ _ _ _ _ _ _ _ _ _ _ _ _ _ _ _ _ _ _ _ _ _ _ _ _ _ _ \npages/cart_page.py:9: in is_opened_cart_page\n    self.should_have_text(self.TITLE, \"Your Cart\")\n_ _ _ _ _ _ _ _ _ _ _ _ _ _ _ _ _ _ _ _ _ _ _ _ _ _ _ _ _ _ _ _ _ _ _ _ _ _ _ _ \n\nself = <pages.cart_page.CartPage object at 0x7fe55066a350>\nselector = '.titTTle', text = 'Your Cart'\n\n    def should_have_text(self, selector: str, text: str):\n>       expect(self.locator(selector)).to_have_text(text)\nE       AssertionError: Locator expected to have text 'Your Cart'\nE       Actual value: <element(s) not found> \nE       Call log:\nE       LocatorAssertions.to_have_text with timeout 5000ms\nE         - waiting for locator(\".titTTle\")\n\npages/base_page.py:21: AssertionError","steps":[],"attachments":[{"uid":"2d9d54f444de2d48","name":"Failure Screenshot - test_check_total_sum (2026-01-19_19-45-15)","source":"2d9d54f444de2d48.png","type":"image/png","size":37743}],"parameters":[],"stepsCount":0,"shouldDisplayMessage":true,"attachmentsCount":1,"hasContent":true,"attachmentStep":false},"afterStages":[{"name":"playwright_page::0","time":{"start":1768851915253,"stop":1768851915304,"duration":51},"status":"passed","steps":[],"attachments":[],"parameters":[],"stepsCount":0,"shouldDisplayMessage":false,"attachmentsCount":0,"hasContent":false,"attachmentStep":false}],"labels":[{"name":"parentSuite","value":"tests"},{"name":"suite","value":"test_checkout"},{"name":"subSuite","value":"TestCheckoutFlow"},{"name":"host","value":"runnervmmtnos"},{"name":"thread","value":"5202-MainThread"},{"name":"framework","value":"pytest"},{"name":"language","value":"cpython3"},{"name":"package","value":"tests.test_checkout"},{"name":"resultFormat","value":"allure2"}],"parameters":[],"links":[],"hidden":false,"retry":false,"extra":{"severity":"normal","retries":[],"categories":[{"name":"Product defects","matchedStatuses":[],"flaky":false}],"history":{"statistic":{"failed":6,"broken":0,"skipped":0,"passed":4,"unknown":0,"total":10},"items":[{"uid":"f223773236846475","reportUrl":"https://Dmitriy-Klv.github.io/ui_automation_python/30/#testresult/f223773236846475","status":"failed","statusDetails":"AssertionError: Locator expected to have text 'Your Cart'\nActual value: <element(s) not found> \nCall log:\nLocatorAssertions.to_have_text with timeout 5000ms\n  - waiting for locator(\".titTTle\")","time":{"start":1768851586059,"stop":1768851591634,"duration":5575}},{"uid":"d07d2dc40afbaee9","reportUrl":"https://Dmitriy-Klv.github.io/ui_automation_python/29/#testresult/d07d2dc40afbaee9","status":"failed","statusDetails":"AssertionError: Locator expected to have text 'Your Cart'\nActual value: <element(s) not found> \nCall log:\nLocatorAssertions.to_have_text with timeout 5000ms\n  - waiting for locator(\".titTTle\")","time":{"start":1768851181023,"stop":1768851186490,"duration":5467}},{"uid":"e62d05fd02d72c6b","reportUrl":"https://Dmitriy-Klv.github.io/ui_automation_python/28/#testresult/e62d05fd02d72c6b","status":"failed","statusDetails":"AssertionError: Locator expected to have text 'Your Cart'\nActual value: <element(s) not found> \nCall log:\nLocatorAssertions.to_have_text with timeout 5000ms\n  - waiting for locator(\".titTTle\")","time":{"start":1768850896776,"stop":1768850902235,"duration":5459}},{"uid":"764e48847e23d285","reportUrl":"https://Dmitriy-Klv.github.io/ui_automation_python/27/#testresult/764e48847e23d285","status":"failed","statusDetails":"AssertionError: Locator expected to have text 'Your Cart'\nActual value: <element(s) not found> \nCall log:\nLocatorAssertions.to_have_text with timeout 5000ms\n  - waiting for locator(\".titTTle\")","time":{"start":1768849589646,"stop":1768849595176,"duration":5530}},{"uid":"f3b6a36400e61033","reportUrl":"https://Dmitriy-Klv.github.io/ui_automation_python/26/#testresult/f3b6a36400e61033","status":"failed","statusDetails":"AssertionError: Locator expected to have text 'Your Cart'\nActual value: <element(s) not found> \nCall log:\nLocatorAssertions.to_have_text with timeout 5000ms\n  - waiting for locator(\".titTTle\")","time":{"start":1768849323738,"stop":1768849329224,"duration":5486}},{"uid":"cfe8fa078541882e","reportUrl":"https://Dmitriy-Klv.github.io/ui_automation_python/25/#testresult/cfe8fa078541882e","status":"passed","time":{"start":1768741721041,"stop":1768741721657,"duration":616}},{"uid":"2f6c6460b2945c9a","reportUrl":"https://Dmitriy-Klv.github.io/ui_automation_python/24/#testresult/2f6c6460b2945c9a","status":"passed","time":{"start":1768741612259,"stop":1768741612866,"duration":607}},{"uid":"22715778b1225dc6","reportUrl":"https://Dmitriy-Klv.github.io/ui_automation_python/23/#testresult/22715778b1225dc6","status":"passed","time":{"start":1768636424036,"stop":1768636424773,"duration":737}},{"uid":"70fc67d5f9aa2309","reportUrl":"https://Dmitriy-Klv.github.io/ui_automation_python/22/#testresult/70fc67d5f9aa2309","status":"passed","time":{"start":1768636260448,"stop":1768636261129,"duration":681}}]},"tags":[]},"source":"6d090130c0d0ff69.json","parameterValues":[]}